C:\USERS\EILEEN MAZZOCHETTE\DOCUMENTS\VISUAL STUDIO 2010\PROJECTS\BEHAVIORRIG\BEHAVIORRIG\DEBUG\.NETFRAMEWORK,VERSION=V4.0.ASSEMBLYATTRIBUTES.OBJ
C:\USERS\EILEEN MAZZOCHETTE\DOCUMENTS\VISUAL STUDIO 2010\PROJECTS\BEHAVIORRIG\BEHAVIORRIG\DEBUG\APP.RES
C:\USERS\EILEEN MAZZOCHETTE\DOCUMENTS\VISUAL STUDIO 2010\PROJECTS\BEHAVIORRIG\BEHAVIORRIG\DEBUG\ASSEMBLYINFO.OBJ
C:\Users\Eileen Mazzochette\documents\visual studio 2010\Projects\BehaviorRig\BehaviorRig\Debug\BehaviorRig.BehaviorRigMainForm.resources
C:\USERS\EILEEN MAZZOCHETTE\DOCUMENTS\VISUAL STUDIO 2010\PROJECTS\BEHAVIORRIG\BEHAVIORRIG\DEBUG\BEHAVIORRIG.EXE.INTERMEDIATE.MANIFEST
C:\USERS\EILEEN MAZZOCHETTE\DOCUMENTS\VISUAL STUDIO 2010\PROJECTS\BEHAVIORRIG\BEHAVIORRIG\DEBUG\BEHAVIORRIG.OBJ
C:\Users\Eileen Mazzochette\documents\visual studio 2010\Projects\BehaviorRig\BehaviorRig\Debug\BehaviorRig.vcxproj.GenerateResource.Cache
C:\Users\Eileen Mazzochette\documents\visual studio 2010\Projects\BehaviorRig\BehaviorRig\Debug\BehaviorRig.vcxprojResolveAssemblyReference.cache
C:\Users\Eileen Mazzochette\documents\visual studio 2010\Projects\BehaviorRig\BehaviorRig\Debug\BehaviorRig.write.1.tlog
C:\Users\Eileen Mazzochette\documents\visual studio 2010\Projects\BehaviorRig\BehaviorRig\Debug\cl.command.1.tlog
C:\Users\Eileen Mazzochette\documents\visual studio 2010\Projects\BehaviorRig\BehaviorRig\Debug\CL.read.1.tlog
C:\Users\Eileen Mazzochette\documents\visual studio 2010\Projects\BehaviorRig\BehaviorRig\Debug\CL.write.1.tlog
C:\USERS\EILEEN MAZZOCHETTE\DOCUMENTS\VISUAL STUDIO 2010\PROJECTS\BEHAVIORRIG\BEHAVIORRIG\DEBUG\DATAMANAGEMENT.OBJ
C:\USERS\EILEEN MAZZOCHETTE\DOCUMENTS\VISUAL STUDIO 2010\PROJECTS\BEHAVIORRIG\BEHAVIORRIG\DEBUG\EXPERIMENT.OBJ
C:\USERS\EILEEN MAZZOCHETTE\DOCUMENTS\VISUAL STUDIO 2010\PROJECTS\BEHAVIORRIG\BEHAVIORRIG\DEBUG\IMAGECONTROL.OBJ
C:\Users\Eileen Mazzochette\documents\visual studio 2010\Projects\BehaviorRig\BehaviorRig\Debug\link.command.1.tlog
C:\Users\Eileen Mazzochette\documents\visual studio 2010\Projects\BehaviorRig\BehaviorRig\Debug\link.read.1.tlog
C:\Users\Eileen Mazzochette\documents\visual studio 2010\Projects\BehaviorRig\BehaviorRig\Debug\link.write.1.tlog
C:\Users\Eileen Mazzochette\documents\visual studio 2010\Projects\BehaviorRig\BehaviorRig\Debug\link-cvtres.read.1.tlog
C:\Users\Eileen Mazzochette\documents\visual studio 2010\Projects\BehaviorRig\BehaviorRig\Debug\link-cvtres.write.1.tlog
C:\Users\Eileen Mazzochette\documents\visual studio 2010\Projects\BehaviorRig\BehaviorRig\Debug\metagen.read.1.tlog
C:\Users\Eileen Mazzochette\documents\visual studio 2010\Projects\BehaviorRig\BehaviorRig\Debug\metagen.write.1.tlog
C:\Users\Eileen Mazzochette\documents\visual studio 2010\Projects\BehaviorRig\BehaviorRig\Debug\mt.command.1.tlog
C:\Users\Eileen Mazzochette\documents\visual studio 2010\Projects\BehaviorRig\BehaviorRig\Debug\mt.read.1.tlog
C:\Users\Eileen Mazzochette\documents\visual studio 2010\Projects\BehaviorRig\BehaviorRig\Debug\mt.write.1.tlog
C:\Users\Eileen Mazzochette\documents\visual studio 2010\Projects\BehaviorRig\BehaviorRig\Debug\rc.command.1.tlog
C:\Users\Eileen Mazzochette\documents\visual studio 2010\Projects\BehaviorRig\BehaviorRig\Debug\rc.read.1.tlog
C:\Users\Eileen Mazzochette\documents\visual studio 2010\Projects\BehaviorRig\BehaviorRig\Debug\rc.write.1.tlog
C:\Users\Eileen Mazzochette\documents\visual studio 2010\Projects\BehaviorRig\BehaviorRig\Debug\RSAENH.DLL.bi
C:\Users\Eileen Mazzochette\documents\visual studio 2010\Projects\BehaviorRig\BehaviorRig\Debug\stdafx.obj
C:\USERS\EILEEN MAZZOCHETTE\DOCUMENTS\VISUAL STUDIO 2010\PROJECTS\BEHAVIORRIG\BEHAVIORRIG\DEBUG\TICTOC.OBJ
C:\USERS\EILEEN MAZZOCHETTE\DOCUMENTS\VISUAL STUDIO 2010\PROJECTS\BEHAVIORRIG\BEHAVIORRIG\DEBUG\TIMING.OBJ
C:\Users\Eileen Mazzochette\documents\visual studio 2010\Projects\BehaviorRig\BehaviorRig\Debug\TZRES.DLL.bi
C:\USERS\EILEEN MAZZOCHETTE\DOCUMENTS\VISUAL STUDIO 2010\PROJECTS\BEHAVIORRIG\BEHAVIORRIG\DEBUG\VC100.PDB
C:\USERS\EILEEN MAZZOCHETTE\DOCUMENTS\VISUAL STUDIO 2010\PROJECTS\BEHAVIORRIG\BEHAVIORRIG\DEBUG\WORMANALYSIS.OBJ
C:\USERS\EILEEN MAZZOCHETTE\DOCUMENTS\VISUAL STUDIO 2010\PROJECTS\BEHAVIORRIG\BEHAVIORRIG\DEBUG\ZABER.OBJ
C:\USERS\EILEEN MAZZOCHETTE\DOCUMENTS\VISUAL STUDIO 2010\PROJECTS\BEHAVIORRIG\DEBUG\BEHAVIORRIG.EXE
C:\USERS\EILEEN MAZZOCHETTE\DOCUMENTS\VISUAL STUDIO 2010\PROJECTS\BEHAVIORRIG\DEBUG\BEHAVIORRIG.PDB
